C51 COMPILER V9.01   ADC                                                                   06/27/2025 23:03:34 PAGE 1   


C51 COMPILER V9.01, COMPILATION OF MODULE ADC
OBJECT MODULE PLACED IN ADC.obj
COMPILER INVOKED BY: C:\Keil\C51\BIN\C51.EXE ADC\ADC.c BROWSE INCDIR(.\OLED;.\ADC) DEBUG OBJECTEXTEND PRINT(.\ADC.lst) O
                    -BJECT(ADC.obj)

line level    source

   1          #include "STC8H.h"
   2          #include "adc.h"
   3          #include"oled.h"
   4          #include <intrins.h>  // 确保正确包含 intrins.h
   5          
   6          void delay_us(unsigned int us) {
   7   1          while (us--) {
   8   2              // 每次循环大约1微秒（在12MHz下）
   9   2              _nop_(); _nop_(); _nop_(); _nop_();
  10   2              _nop_(); _nop_(); _nop_(); _nop_();
  11   2          }
  12   1      }
  13          
  14          
  15          // ADC初始化函数
  16          void ADC_Init(void) {
  17   1          // 设置ADC控制寄存器
  18   1          ADC_CONTR = 0x80;  // ADC电源打开，选择速度Fosc/2
  19   1          P1M0 |= 0x01;      // 设置 P1.0 为高阻输入（模拟输入）
  20   1          P1M1 |= 0x01;
  21   1          delay_ms(2);
  22   1      }
  23          
  24          // ADC读取函数
  25          unsigned int ADC_Read(unsigned char ch) {
  26   1          ADC_CONTR = 0x80 | (ch & 0x07); // 启用ADC电源，并选择通道
  27   1          delay_us(2);        // 等待稳定
  28   1          ADC_CONTR |= 0x08;  // 启动转换
  29   1          while (!(ADC_CONTR & 0x10));  // 等待转换完成
  30   1          ADC_CONTR &= ~0x10;           // 清除完成标志
  31   1          return (ADC_RES << 2) | (ADC_RESL & 0x03); // 返回10位ADC值
  32   1      }
  33          float ADC_ToVoltage(unsigned int adc_val) {
  34   1          return adc_val * 3.3f / 1023.0f;   // 若为3.3V系统则改为3.3f
  35   1      }


MODULE INFORMATION:   STATIC OVERLAYABLE
   CODE SIZE        =    112    ----
   CONSTANT SIZE    =   ----    ----
   XDATA SIZE       =   ----    ----
   PDATA SIZE       =   ----    ----
   DATA SIZE        =   ----    ----
   IDATA SIZE       =   ----    ----
   BIT SIZE         =   ----    ----
END OF MODULE INFORMATION.


C51 COMPILATION COMPLETE.  0 WARNING(S),  0 ERROR(S)
